This is pdfTeX, Version 3.14159265-2.6-1.40.21 (MiKTeX 2.9.7400 64-bit) (preloaded format=pdflatex 2020.5.3)  12 MAY 2020 19:25
entering extended mode
**./Report.tex
(Report.tex
LaTeX2e <2020-02-02> patch level 5
L3 programming layer <2020-04-06>
("C:\Program Files\MiKTeX 2.9\tex/latex/base\article.cls"
Document Class: article 2019/12/20 v1.4l Standard LaTeX document class
("C:\Program Files\MiKTeX 2.9\tex/latex/base\size11.clo"
File: size11.clo 2019/12/20 v1.4l Standard LaTeX file (size option)
)
\c@part=\count167
\c@section=\count168
\c@subsection=\count169
\c@subsubsection=\count170
\c@paragraph=\count171
\c@subparagraph=\count172
\c@figure=\count173
\c@table=\count174
\abovecaptionskip=\skip47
\belowcaptionskip=\skip48
\bibindent=\dimen134
)
("C:\Program Files\MiKTeX 2.9\tex/latex/graphics\graphicx.sty"
Package: graphicx 2019/11/30 v1.2a Enhanced LaTeX Graphics (DPC,SPQR)

("C:\Program Files\MiKTeX 2.9\tex/latex/graphics\keyval.sty"
Package: keyval 2014/10/28 v1.15 key=value parser (DPC)
\KV@toks@=\toks15
)
("C:\Program Files\MiKTeX 2.9\tex/latex/graphics\graphics.sty"
Package: graphics 2019/11/30 v1.4a Standard LaTeX Graphics (DPC,SPQR)

("C:\Program Files\MiKTeX 2.9\tex/latex/graphics\trig.sty"
Package: trig 2016/01/03 v1.10 sin cos tan (DPC)
)
("C:\Program Files\MiKTeX 2.9\tex/latex/graphics-cfg\graphics.cfg"
File: graphics.cfg 2016/06/04 v1.11 sample graphics configuration
)
Package graphics Info: Driver file: pdftex.def on input line 105.

("C:\Program Files\MiKTeX 2.9\tex/latex/graphics-def\pdftex.def"
File: pdftex.def 2018/01/08 v1.0l Graphics/color driver for pdftex
))
\Gin@req@height=\dimen135
\Gin@req@width=\dimen136
)
("C:\Program Files\MiKTeX 2.9\tex/generic/babel\babel.sty"
Package: babel 2020/03/22 3.42 The Babel package

("C:\Program Files\MiKTeX 2.9\tex/generic/babel\switch.def"
File: switch.def 2020/03/22 3.42 Babel switching mechanism
)
*************************************
* Local config file bblopts.cfg used
*
("C:\Program Files\MiKTeX 2.9\tex/latex/arabi\bblopts.cfg"
File: bblopts.cfg 2005/09/08 v0.1 add Arabic and Farsi to "declared" options of
 babel
)
("C:\Program Files\MiKTeX 2.9\tex/latex/babel-english\english.ldf"
Language: english 2017/06/06 v3.3r English support from the babel system

("C:\Program Files\MiKTeX 2.9\tex/generic/babel\babel.def"
File: babel.def 2020/03/22 3.42 Babel common definitions
\babel@savecnt=\count175
\U@D=\dimen137

("C:\Program Files\MiKTeX 2.9\tex/generic/babel\txtbabel.def")
\bbl@readstream=\read2
\bbl@dirlevel=\count176
)
Package babel Info: \l@canadian = using hyphenrules for english
(babel)             (\language0) on input line 102.
Package babel Info: \l@australian = using hyphenrules for ukenglish
(babel)             (\language72) on input line 105.
Package babel Info: \l@newzealand = using hyphenrules for ukenglish
(babel)             (\language72) on input line 108.
))
(C:\Users\david\AppData\Roaming\MiKTeX\2.9\tex/latex/physics\physics.sty
Package: physics 

("C:\Program Files\MiKTeX 2.9\tex/latex/l3packages/xparse\xparse.sty"
("C:\Program Files\MiKTeX 2.9\tex/latex/l3kernel\expl3.sty"
Package: expl3 2020-04-06 L3 programming layer (loader) 

("C:\Program Files\MiKTeX 2.9\tex/latex/l3backend\l3backend-pdfmode.def"
File: l3backend-pdfmode.def 2020-03-12 L3 backend support: PDF mode
\l__kernel_color_stack_int=\count177
\l__pdf_internal_box=\box45
))
Package: xparse 2020-03-06 L3 Experimental document command parser
\l__xparse_current_arg_int=\count178
\g__xparse_grabber_int=\count179
\l__xparse_m_args_int=\count180
\l__xparse_v_nesting_int=\count181
)
("C:\Program Files\MiKTeX 2.9\tex/latex/amsmath\amsmath.sty"
Package: amsmath 2020/01/20 v2.17e AMS math features
\@mathmargin=\skip49

For additional information on amsmath, use the `?' option.
("C:\Program Files\MiKTeX 2.9\tex/latex/amsmath\amstext.sty"
Package: amstext 2000/06/29 v2.01 AMS text

("C:\Program Files\MiKTeX 2.9\tex/latex/amsmath\amsgen.sty"
File: amsgen.sty 1999/11/30 v2.0 generic functions
\@emptytoks=\toks16
\ex@=\dimen138
))
("C:\Program Files\MiKTeX 2.9\tex/latex/amsmath\amsbsy.sty"
Package: amsbsy 1999/11/29 v1.2d Bold Symbols
\pmbraise@=\dimen139
)
("C:\Program Files\MiKTeX 2.9\tex/latex/amsmath\amsopn.sty"
Package: amsopn 2016/03/08 v2.02 operator names
)
\inf@bad=\count182
LaTeX Info: Redefining \frac on input line 227.
\uproot@=\count183
\leftroot@=\count184
LaTeX Info: Redefining \overline on input line 389.
\classnum@=\count185
\DOTSCASE@=\count186
LaTeX Info: Redefining \ldots on input line 486.
LaTeX Info: Redefining \dots on input line 489.
LaTeX Info: Redefining \cdots on input line 610.
\Mathstrutbox@=\box46
\strutbox@=\box47
\big@size=\dimen140
LaTeX Font Info:    Redeclaring font encoding OML on input line 733.
LaTeX Font Info:    Redeclaring font encoding OMS on input line 734.
\macc@depth=\count187
\c@MaxMatrixCols=\count188
\dotsspace@=\muskip16
\c@parentequation=\count189
\dspbrk@lvl=\count190
\tag@help=\toks17
\row@=\count191
\column@=\count192
\maxfields@=\count193
\andhelp@=\toks18
\eqnshift@=\dimen141
\alignsep@=\dimen142
\tagshift@=\dimen143
\tagwidth@=\dimen144
\totwidth@=\dimen145
\lineht@=\dimen146
\@envbody=\toks19
\multlinegap=\skip50
\multlinetaggap=\skip51
\mathdisplay@stack=\toks20
LaTeX Info: Redefining \[ on input line 2859.
LaTeX Info: Redefining \] on input line 2860.
))
("C:\Program Files\MiKTeX 2.9\tex/latex/xcolor\xcolor.sty"
Package: xcolor 2016/05/11 v2.12 LaTeX color extensions (UK)

("C:\Program Files\MiKTeX 2.9\tex/latex/graphics-cfg\color.cfg"
File: color.cfg 2016/01/02 v1.6 sample color configuration
)
Package xcolor Info: Driver file: pdftex.def on input line 225.
Package xcolor Info: Model `cmy' substituted by `cmy0' on input line 1348.
Package xcolor Info: Model `hsb' substituted by `rgb' on input line 1352.
Package xcolor Info: Model `RGB' extended on input line 1364.
Package xcolor Info: Model `HTML' substituted by `rgb' on input line 1366.
Package xcolor Info: Model `Hsb' substituted by `hsb' on input line 1367.
Package xcolor Info: Model `tHsb' substituted by `hsb' on input line 1368.
Package xcolor Info: Model `HSB' substituted by `hsb' on input line 1369.
Package xcolor Info: Model `Gray' substituted by `gray' on input line 1370.
Package xcolor Info: Model `wave' substituted by `hsb' on input line 1371.
)
(C:\Users\david\AppData\Roaming\MiKTeX\2.9\tex/latex/geometry\geometry.sty
Package: geometry 2020/01/02 v5.9 Page Geometry

("C:\Program Files\MiKTeX 2.9\tex/generic/iftex\ifvtex.sty"
Package: ifvtex 2019/10/25 v1.7 ifvtex legacy package. Use iftex instead.

("C:\Program Files\MiKTeX 2.9\tex/generic/iftex\iftex.sty"
Package: iftex 2020/03/06 v1.0d TeX engine tests
))
\Gm@cnth=\count194
\Gm@cntv=\count195
\c@Gm@tempcnt=\count196
\Gm@bindingoffset=\dimen147
\Gm@wd@mp=\dimen148
\Gm@odd@mp=\dimen149
\Gm@even@mp=\dimen150
\Gm@layoutwidth=\dimen151
\Gm@layoutheight=\dimen152
\Gm@layouthoffset=\dimen153
\Gm@layoutvoffset=\dimen154
\Gm@dimlist=\toks21

(C:\Users\david\AppData\Roaming\MiKTeX\2.9\tex/latex/geometry\geometry.cfg))
(C:\Users\david\AppData\Roaming\MiKTeX\2.9\tex/latex/titling\titling.sty
Package: titling 2009/09/04 v2.1d maketitle typesetting
\thanksmarkwidth=\skip52
\thanksmargin=\skip53
\droptitle=\skip54
)
(C:\Users\david\AppData\Roaming\MiKTeX\2.9\tex/latex/footmisc\footmisc.sty
Package: footmisc 2011/06/06 v5.5b a miscellany of footnote facilities
\FN@temptoken=\toks22
\footnotemargin=\dimen155
\c@pp@next@reset=\count197
Package footmisc Info: Declaring symbol style bringhurst on input line 855.
Package footmisc Info: Declaring symbol style chicago on input line 863.
Package footmisc Info: Declaring symbol style wiley on input line 872.
Package footmisc Info: Declaring symbol style lamport-robust on input line 883.

Package footmisc Info: Declaring symbol style lamport* on input line 903.
Package footmisc Info: Declaring symbol style lamport*-robust on input line 924
.
)
("C:\Program Files\MiKTeX 2.9\tex/latex/hyperref\hyperref.sty"
Package: hyperref 2020/01/14 v7.00d Hypertext links for LaTeX

(C:\Users\david\AppData\Roaming\MiKTeX\2.9\tex/generic/ltxcmds\ltxcmds.sty
Package: ltxcmds 2019/12/15 v1.24 LaTeX kernel commands for general use (HO)
)
("C:\Program Files\MiKTeX 2.9\tex/latex/pdftexcmds\pdftexcmds.sty"
Package: pdftexcmds 2019/11/24 v0.31 Utility functions of pdfTeX for LuaTeX (HO
)

(C:\Users\david\AppData\Roaming\MiKTeX\2.9\tex/generic/infwarerr\infwarerr.sty
Package: infwarerr 2019/12/03 v1.5 Providing info/warning/error messages (HO)
)
Package pdftexcmds Info: \pdf@primitive is available.
Package pdftexcmds Info: \pdf@ifprimitive is available.
Package pdftexcmds Info: \pdfdraftmode found.
)
(C:\Users\david\AppData\Roaming\MiKTeX\2.9\tex/generic/kvsetkeys\kvsetkeys.sty
Package: kvsetkeys 2019/12/15 v1.18 Key value parser (HO)
)
(C:\Users\david\AppData\Roaming\MiKTeX\2.9\tex/generic/kvdefinekeys\kvdefinekey
s.sty
Package: kvdefinekeys 2019-12-19 v1.6 Define keys (HO)
)
(C:\Users\david\AppData\Roaming\MiKTeX\2.9\tex/generic/pdfescape\pdfescape.sty
Package: pdfescape 2019/12/09 v1.15 Implements pdfTeX's escape features (HO)
) (C:\Users\david\AppData\Roaming\MiKTeX\2.9\tex/latex/hycolor\hycolor.sty
Package: hycolor 2020-01-27 v1.10 Color options for hyperref/bookmark (HO)
)
(C:\Users\david\AppData\Roaming\MiKTeX\2.9\tex/latex/letltxmacro\letltxmacro.st
y
Package: letltxmacro 2019/12/03 v1.6 Let assignment for LaTeX macros (HO)
) (C:\Users\david\AppData\Roaming\MiKTeX\2.9\tex/latex/auxhook\auxhook.sty
Package: auxhook 2019-12-17 v1.6 Hooks for auxiliary files (HO)
)
(C:\Users\david\AppData\Roaming\MiKTeX\2.9\tex/latex/kvoptions\kvoptions.sty
Package: kvoptions 2019/11/29 v3.13 Key value format for package options (HO)
)
\@linkdim=\dimen156
\Hy@linkcounter=\count198
\Hy@pagecounter=\count199

("C:\Program Files\MiKTeX 2.9\tex/latex/hyperref\pd1enc.def"
File: pd1enc.def 2020/01/14 v7.00d Hyperref: PDFDocEncoding definition (HO)
Now handling font encoding PD1 ...
... no UTF-8 mapping file for font encoding PD1
)
(C:\Users\david\AppData\Roaming\MiKTeX\2.9\tex/generic/intcalc\intcalc.sty
Package: intcalc 2019/12/15 v1.3 Expandable calculations with integers (HO)
)
(C:\Users\david\AppData\Roaming\MiKTeX\2.9\tex/generic/etexcmds\etexcmds.sty
Package: etexcmds 2019/12/15 v1.7 Avoid name clashes with e-TeX commands (HO)
)
\Hy@SavedSpaceFactor=\count266
Package hyperref Info: Option `unicode' set `true' on input line 4421.

("C:\Program Files\MiKTeX 2.9\tex/latex/hyperref\puenc.def"
File: puenc.def 2020/01/14 v7.00d Hyperref: PDF Unicode definition (HO)
Now handling font encoding PU ...
... no UTF-8 mapping file for font encoding PU
)
Package hyperref Info: Option `colorlinks' set `true' on input line 4421.
Package hyperref Info: Hyper figures OFF on input line 4547.
Package hyperref Info: Link nesting OFF on input line 4552.
Package hyperref Info: Hyper index ON on input line 4555.
Package hyperref Info: Plain pages OFF on input line 4562.
Package hyperref Info: Backreferencing OFF on input line 4567.
Package hyperref Info: Implicit mode ON; LaTeX internals redefined.
Package hyperref Info: Bookmarks ON on input line 4800.
\c@Hy@tempcnt=\count267

("C:\Program Files\MiKTeX 2.9\tex/latex/url\url.sty"
\Urlmuskip=\muskip17
Package: url 2013/09/16  ver 3.4  Verb mode for urls, etc.
)
LaTeX Info: Redefining \url on input line 5159.
\XeTeXLinkMargin=\dimen157

(C:\Users\david\AppData\Roaming\MiKTeX\2.9\tex/generic/bitset\bitset.sty
Package: bitset 2019/12/09 v1.3 Handle bit-vector datatype (HO)

(C:\Users\david\AppData\Roaming\MiKTeX\2.9\tex/generic/bigintcalc\bigintcalc.st
y
Package: bigintcalc 2019/12/15 v1.5 Expandable calculations on big integers (HO
)
))
\Fld@menulength=\count268
\Field@Width=\dimen158
\Fld@charsize=\dimen159
Package hyperref Info: Hyper figures OFF on input line 6430.
Package hyperref Info: Link nesting OFF on input line 6435.
Package hyperref Info: Hyper index ON on input line 6438.
Package hyperref Info: backreferencing OFF on input line 6445.
Package hyperref Info: Link coloring ON on input line 6448.
Package hyperref Info: Link coloring with OCG OFF on input line 6455.
Package hyperref Info: PDF/A mode OFF on input line 6460.
LaTeX Info: Redefining \ref on input line 6500.
LaTeX Info: Redefining \pageref on input line 6504.

(C:\Users\david\AppData\Roaming\MiKTeX\2.9\tex/generic/atbegshi\atbegshi.sty
Package: atbegshi 2019/12/05 v1.19 At begin shipout hook (HO)
)
\Hy@abspage=\count269
\c@Item=\count270
\c@Hfootnote=\count271
)
Package hyperref Info: Driver (autodetected): hpdftex.

("C:\Program Files\MiKTeX 2.9\tex/latex/hyperref\hpdftex.def"
File: hpdftex.def 2020/01/14 v7.00d Hyperref driver for pdfTeX

(C:\Users\david\AppData\Roaming\MiKTeX\2.9\tex/latex/atveryend\atveryend.sty
Package: atveryend 2019-12-11 v1.11 Hooks at the very end of document (HO)
Package atveryend Info: \enddocument detected (standard20110627).
)
\Fld@listcount=\count272
\c@bookmark@seq@number=\count273

(C:\Users\david\AppData\Roaming\MiKTeX\2.9\tex/latex/rerunfilecheck\rerunfilech
eck.sty
Package: rerunfilecheck 2019/12/05 v1.9 Rerun checks for auxiliary files (HO)

(C:\Users\david\AppData\Roaming\MiKTeX\2.9\tex/generic/uniquecounter\uniquecoun
ter.sty
Package: uniquecounter 2019/12/15 v1.4 Provide unlimited unique counter (HO)
)
Package uniquecounter Info: New unique counter `rerunfilecheck' on input line 2
86.
)
\Hy@SectionHShift=\skip55
)
(C:\Users\david\AppData\Roaming\MiKTeX\2.9\tex/latex/footnotebackref\footnoteba
ckref.sty
Package: footnotebackref 2012/07/01 v1.0 Backreferences for footnotes (Holger L
ange)
\c@BackrefHyperFootnoteCounter=\count274
) (Report.aux)
\openout1 = `Report.aux'.

LaTeX Font Info:    Checking defaults for OML/cmm/m/it on input line 21.
LaTeX Font Info:    ... okay on input line 21.
LaTeX Font Info:    Checking defaults for OMS/cmsy/m/n on input line 21.
LaTeX Font Info:    ... okay on input line 21.
LaTeX Font Info:    Checking defaults for OT1/cmr/m/n on input line 21.
LaTeX Font Info:    ... okay on input line 21.
LaTeX Font Info:    Checking defaults for T1/cmr/m/n on input line 21.
LaTeX Font Info:    ... okay on input line 21.
LaTeX Font Info:    Checking defaults for TS1/cmr/m/n on input line 21.
LaTeX Font Info:    ... okay on input line 21.
LaTeX Font Info:    Checking defaults for OMX/cmex/m/n on input line 21.
LaTeX Font Info:    ... okay on input line 21.
LaTeX Font Info:    Checking defaults for U/cmr/m/n on input line 21.
LaTeX Font Info:    ... okay on input line 21.
LaTeX Font Info:    Checking defaults for PD1/pdf/m/n on input line 21.
LaTeX Font Info:    ... okay on input line 21.
LaTeX Font Info:    Checking defaults for PU/pdf/m/n on input line 21.
LaTeX Font Info:    ... okay on input line 21.

("C:\Program Files\MiKTeX 2.9\tex/context/base/mkii\supp-pdf.mkii"
[Loading MPS to PDF converter (version 2006.09.02).]
\scratchcounter=\count275
\scratchdimen=\dimen160
\scratchbox=\box48
\nofMPsegments=\count276
\nofMParguments=\count277
\everyMPshowfont=\toks23
\MPscratchCnt=\count278
\MPscratchDim=\dimen161
\MPnumerator=\count279
\makeMPintoPDFobject=\count280
\everyMPtoPDFconversion=\toks24
) ("C:\Program Files\MiKTeX 2.9\tex/latex/epstopdf-pkg\epstopdf-base.sty"
Package: epstopdf-base 2020-01-24 v2.11 Base part for package epstopdf
Package epstopdf-base Info: Redefining graphics rule for `.eps' on input line 4
85.
)
*geometry* driver: auto-detecting
*geometry* detected driver: pdftex
*geometry* verbose mode - [ preamble ] result:
* driver: pdftex
* paper: a4paper
* layout: <same size as paper>
* layoutoffset:(h,v)=(0.0pt,0.0pt)
* modes: 
* h-part:(L,W,R)=(93.95122pt, 409.60544pt, 93.95122pt)
* v-part:(T,H,B)=(93.95122pt, 657.14441pt, 93.95122pt)
* \paperwidth=597.50787pt
* \paperheight=845.04684pt
* \textwidth=409.60544pt
* \textheight=657.14441pt
* \oddsidemargin=21.68123pt
* \evensidemargin=21.68123pt
* \topmargin=-15.31877pt
* \headheight=12.0pt
* \headsep=25.0pt
* \topskip=11.0pt
* \footskip=30.0pt
* \marginparwidth=50.0pt
* \marginparsep=10.0pt
* \columnsep=10.0pt
* \skip\footins=10.0pt plus 4.0pt minus 2.0pt
* \hoffset=0.0pt
* \voffset=0.0pt
* \mag=1000
* \@twocolumnfalse
* \@twosidefalse
* \@mparswitchfalse
* \@reversemarginfalse
* (1in=72.27pt=25.4mm, 1cm=28.453pt)

\AtBeginShipoutBox=\box49
Package hyperref Info: Link coloring ON on input line 21.
("C:\Program Files\MiKTeX 2.9\tex/latex/hyperref\nameref.sty"
Package: nameref 2019/09/16 v2.46 Cross-referencing by name of section

(C:\Users\david\AppData\Roaming\MiKTeX\2.9\tex/latex/refcount\refcount.sty
Package: refcount 2019/12/15 v3.6 Data extraction from label references (HO)
)
(C:\Users\david\AppData\Roaming\MiKTeX\2.9\tex/generic/gettitlestring\gettitles
tring.sty
Package: gettitlestring 2019/12/15 v1.6 Cleanup title references (HO)
)
\c@section@level=\count281
)
LaTeX Info: Redefining \ref on input line 21.
LaTeX Info: Redefining \pageref on input line 21.
LaTeX Info: Redefining \nameref on input line 21.
 (Report.out) (Report.out)
\@outlinefile=\write3
\openout3 = `Report.out'.

 (Report.toc)
\tf@toc=\write4
\openout4 = `Report.toc'.

Package epstopdf Info: Source file: <images/eigenenergies_2QD_2HH_wo_SOC.eps>
(epstopdf)                    date: 2020-05-04 17:17:05
(epstopdf)                    size: 26679 bytes
(epstopdf)             Output file: <images/eigenenergies_2QD_2HH_wo_SOC-eps-co
nverted-to.pdf>
(epstopdf)                    date: 2020-05-04 17:17:32
(epstopdf)                    size: 10953 bytes
(epstopdf)             Command: <epstopdf --outfile=images/eigenenergies_2QD_2H
H_wo_SOC-eps-converted-to.pdf images/eigenenergies_2QD_2HH_wo_SOC.eps>
(epstopdf)             \includegraphics on input line 51.
Package epstopdf Info: Output file is already uptodate.


pdfTeX warning: pdflatex.exe (file ./images/eigenenergies_2QD_2HH_wo_SOC-eps-co
nverted-to.pdf): PDF inclusion: found PDF version <1.7>, but at most version <1
.5> allowed
<images/eigenenergies_2QD_2HH_wo_SOC-eps-converted-to.pdf, id=35, 574.145pt x 3
51.3125pt>
File: images/eigenenergies_2QD_2HH_wo_SOC-eps-converted-to.pdf Graphic file (ty
pe pdf)
<use images/eigenenergies_2QD_2HH_wo_SOC-eps-converted-to.pdf>
Package pdftex.def Info: images/eigenenergies_2QD_2HH_wo_SOC-eps-converted-to.p
df  used on input line 51.
(pdftex.def)             Requested size: 327.6856pt x 200.51286pt.
[1

{C:/Users/david/AppData/Local/MiKTeX/2.9/pdftex/config/pdftex.map}]
Package epstopdf Info: Source file: <images/eigenenergies_2QD_2HH_w_SOC.eps>
(epstopdf)                    date: 2020-05-04 18:59:31
(epstopdf)                    size: 23804 bytes
(epstopdf)             Output file: <images/eigenenergies_2QD_2HH_w_SOC-eps-con
verted-to.pdf>
(epstopdf)                    date: 2020-05-07 19:05:55
(epstopdf)                    size: 11051 bytes
(epstopdf)             Command: <epstopdf --outfile=images/eigenenergies_2QD_2H
H_w_SOC-eps-converted-to.pdf images/eigenenergies_2QD_2HH_w_SOC.eps>
(epstopdf)             \includegraphics on input line 91.
Package epstopdf Info: Output file is already uptodate.


pdfTeX warning: pdflatex.exe (file ./images/eigenenergies_2QD_2HH_w_SOC-eps-con
verted-to.pdf): PDF inclusion: found PDF version <1.7>, but at most version <1.
5> allowed
<images/eigenenergies_2QD_2HH_w_SOC-eps-converted-to.pdf, id=57, 574.145pt x 35
1.3125pt>
File: images/eigenenergies_2QD_2HH_w_SOC-eps-converted-to.pdf Graphic file (typ
e pdf)
<use images/eigenenergies_2QD_2HH_w_SOC-eps-converted-to.pdf>
Package pdftex.def Info: images/eigenenergies_2QD_2HH_w_SOC-eps-converted-to.pd
f  used on input line 91.
(pdftex.def)             Requested size: 327.6856pt x 200.51286pt.
[2 <./images/eigenenergies_2QD_2HH_wo_SOC-eps-converted-to.pdf>]
Package epstopdf Info: Source file: <images/occupation_middle_state.eps>
(epstopdf)                    date: 2020-05-06 19:38:54
(epstopdf)                    size: 398273 bytes
(epstopdf)             Output file: <images/occupation_middle_state-eps-convert
ed-to.pdf>
(epstopdf)                    date: 2020-05-07 19:05:56
(epstopdf)                    size: 21706 bytes
(epstopdf)             Command: <epstopdf --outfile=images/occupation_middle_st
ate-eps-converted-to.pdf images/occupation_middle_state.eps>
(epstopdf)             \includegraphics on input line 102.
Package epstopdf Info: Output file is already uptodate.


pdfTeX warning: pdflatex.exe (file ./images/occupation_middle_state-eps-convert
ed-to.pdf): PDF inclusion: found PDF version <1.7>, but at most version <1.5> a
llowed
<images/occupation_middle_state-eps-converted-to.pdf, id=96, 418.56375pt x 276.
03125pt>
File: images/occupation_middle_state-eps-converted-to.pdf Graphic file (type pd
f)
<use images/occupation_middle_state-eps-converted-to.pdf>
Package pdftex.def Info: images/occupation_middle_state-eps-converted-to.pdf  u
sed on input line 102.
(pdftex.def)             Requested size: 245.76576pt x 162.07361pt.

Overfull \hbox (1.9112pt too wide) detected at line 119
[]\OML/cmm/m/it/10.95 H \OT1/cmr/m/n/10.95 = [] [] \OML/cmm/m/it/10.95 :
 []

[3 <./images/eigenenergies_2QD_2HH_w_SOC-eps-converted-to.pdf>]
Overfull \hbox (61.09998pt too wide) detected at line 123
[] [] \OT1/cmr/m/n/10.95 = \OMS/cmsy/m/n/10.95 N []  \OML/cmm/m/it/10.95 ;
 []

[4 <./images/occupation_middle_state-eps-converted-to.pdf>]
Package epstopdf Info: Source file: <images/STA_TQD_Pulses.eps>
(epstopdf)                    date: 2020-05-10 23:40:36
(epstopdf)                    size: 25510 bytes
(epstopdf)             Output file: <images/STA_TQD_Pulses-eps-converted-to.pdf
>
(epstopdf)                    date: 2020-05-11 00:08:56
(epstopdf)                    size: 12949 bytes
(epstopdf)             Command: <epstopdf --outfile=images/STA_TQD_Pulses-eps-c
onverted-to.pdf images/STA_TQD_Pulses.eps>
(epstopdf)             \includegraphics on input line 160.
Package epstopdf Info: Output file is already uptodate.


pdfTeX warning: pdflatex.exe (file ./images/STA_TQD_Pulses-eps-converted-to.pdf
): PDF inclusion: found PDF version <1.7>, but at most version <1.5> allowed
<images/STA_TQD_Pulses-eps-converted-to.pdf, id=187, 332.24126pt x 208.78pt>
File: images/STA_TQD_Pulses-eps-converted-to.pdf Graphic file (type pdf)
<use images/STA_TQD_Pulses-eps-converted-to.pdf>
Package pdftex.def Info: images/STA_TQD_Pulses-eps-converted-to.pdf  used on in
put line 160.
(pdftex.def)             Requested size: 286.72255pt x 180.1876pt.
[5 <./images/STA_TQD_Pulses-eps-converted-to.pdf>]
Package epstopdf Info: Source file: <images/STA_TQD_Results.eps>
(epstopdf)                    date: 2020-05-11 23:23:04
(epstopdf)                    size: 32793 bytes
(epstopdf)             Output file: <images/STA_TQD_Results-eps-converted-to.pd
f>
(epstopdf)                    date: 2020-05-11 23:23:09
(epstopdf)                    size: 15960 bytes
(epstopdf)             Command: <epstopdf --outfile=images/STA_TQD_Results-eps-
converted-to.pdf images/STA_TQD_Results.eps>
(epstopdf)             \includegraphics on input line 171.
Package epstopdf Info: Output file is already uptodate.


pdfTeX warning: pdflatex.exe (file ./images/STA_TQD_Results-eps-converted-to.pd
f): PDF inclusion: found PDF version <1.7>, but at most version <1.5> allowed
<images/STA_TQD_Results-eps-converted-to.pdf, id=236, 418.56375pt x 318.18875pt
>
File: images/STA_TQD_Results-eps-converted-to.pdf Graphic file (type pdf)
<use images/STA_TQD_Results-eps-converted-to.pdf>
Package pdftex.def Info: images/STA_TQD_Results-eps-converted-to.pdf  used on i
nput line 171.
(pdftex.def)             Requested size: 327.6856pt x 249.10384pt.
Package epstopdf Info: Source file: <images/STA_TQD_Results_Amplified.eps>
(epstopdf)                    date: 2020-05-11 23:21:33
(epstopdf)                    size: 35099 bytes
(epstopdf)             Output file: <images/STA_TQD_Results_Amplified-eps-conve
rted-to.pdf>
(epstopdf)                    date: 2020-05-11 23:21:39
(epstopdf)                    size: 16610 bytes
(epstopdf)             Command: <epstopdf --outfile=images/STA_TQD_Results_Ampl
ified-eps-converted-to.pdf images/STA_TQD_Results_Amplified.eps>
(epstopdf)             \includegraphics on input line 178.
Package epstopdf Info: Output file is already uptodate.


pdfTeX warning: pdflatex.exe (file ./images/STA_TQD_Results_Amplified-eps-conve
rted-to.pdf): PDF inclusion: found PDF version <1.7>, but at most version <1.5>
 allowed
<images/STA_TQD_Results_Amplified-eps-converted-to.pdf, id=238, 423.5825pt x 32
8.22626pt>
File: images/STA_TQD_Results_Amplified-eps-converted-to.pdf Graphic file (type 
pdf)
<use images/STA_TQD_Results_Amplified-eps-converted-to.pdf>
Package pdftex.def Info: images/STA_TQD_Results_Amplified-eps-converted-to.pdf 
 used on input line 178.
(pdftex.def)             Requested size: 286.72255pt x 222.18422pt.
[6 <./images/STA_TQD_Results-eps-converted-to.pdf>]
Package epstopdf Info: Source file: <images/FAQUAD_detuning_2QD_2HH.eps>
(epstopdf)                    date: 2020-05-04 18:59:15
(epstopdf)                    size: 35441 bytes
(epstopdf)             Output file: <images/FAQUAD_detuning_2QD_2HH-eps-convert
ed-to.pdf>
(epstopdf)                    date: 2020-05-07 19:05:57
(epstopdf)                    size: 14323 bytes
(epstopdf)             Command: <epstopdf --outfile=images/FAQUAD_detuning_2QD_
2HH-eps-converted-to.pdf images/FAQUAD_detuning_2QD_2HH.eps>
(epstopdf)             \includegraphics on input line 204.
Package epstopdf Info: Output file is already uptodate.


pdfTeX warning: pdflatex.exe (file ./images/FAQUAD_detuning_2QD_2HH-eps-convert
ed-to.pdf): PDF inclusion: found PDF version <1.7>, but at most version <1.5> a
llowed
<images/FAQUAD_detuning_2QD_2HH-eps-converted-to.pdf, id=286, 625.33624pt x 292
.09125pt>
File: images/FAQUAD_detuning_2QD_2HH-eps-converted-to.pdf Graphic file (type pd
f)
<use images/FAQUAD_detuning_2QD_2HH-eps-converted-to.pdf>
Package pdftex.def Info: images/FAQUAD_detuning_2QD_2HH-eps-converted-to.pdf  u
sed on input line 204.
(pdftex.def)             Requested size: 409.60544pt x 191.32784pt.
Package epstopdf Info: Source file: <images/FAQUAD_2QD_Results.eps>
(epstopdf)                    date: 2020-05-04 18:59:09
(epstopdf)                    size: 20283 bytes
(epstopdf)             Output file: <images/FAQUAD_2QD_Results-eps-converted-to
.pdf>
(epstopdf)                    date: 2020-05-07 19:05:57
(epstopdf)                    size: 10248 bytes
(epstopdf)             Command: <epstopdf --outfile=images/FAQUAD_2QD_Results-e
ps-converted-to.pdf images/FAQUAD_2QD_Results.eps>
(epstopdf)             \includegraphics on input line 216.
Package epstopdf Info: Output file is already uptodate.


pdfTeX warning: pdflatex.exe (file ./images/FAQUAD_2QD_Results-eps-converted-to
.pdf): PDF inclusion: found PDF version <1.7>, but at most version <1.5> allowe
d
<images/FAQUAD_2QD_Results-eps-converted-to.pdf, id=288, 403.5075pt x 270.00874
pt>
File: images/FAQUAD_2QD_Results-eps-converted-to.pdf Graphic file (type pdf)
<use images/FAQUAD_2QD_Results-eps-converted-to.pdf>
Package pdftex.def Info: images/FAQUAD_2QD_Results-eps-converted-to.pdf  used o
n input line 216.
(pdftex.def)             Requested size: 286.72255pt x 191.86409pt.
[7 <./images/STA_TQD_Results_Amplified-eps-converted-to.pdf>]
Package epstopdf Info: Source file: <images/states_evolution.eps>
(epstopdf)                    date: 2020-05-04 18:58:36
(epstopdf)                    size: 30880 bytes
(epstopdf)             Output file: <images/states_evolution-eps-converted-to.p
df>
(epstopdf)                    date: 2020-05-07 19:05:58
(epstopdf)                    size: 16076 bytes
(epstopdf)             Command: <epstopdf --outfile=images/states_evolution-eps
-converted-to.pdf images/states_evolution.eps>
(epstopdf)             \includegraphics on input line 224.
Package epstopdf Info: Output file is already uptodate.


pdfTeX warning: pdflatex.exe (file ./images/states_evolution-eps-converted-to.p
df): PDF inclusion: found PDF version <1.7>, but at most version <1.5> allowed
<images/states_evolution-eps-converted-to.pdf, id=335, 395.4775pt x 269.005pt>
File: images/states_evolution-eps-converted-to.pdf Graphic file (type pdf)
<use images/states_evolution-eps-converted-to.pdf>
Package pdftex.def Info: images/states_evolution-eps-converted-to.pdf  used on 
input line 224.
(pdftex.def)             Requested size: 286.72255pt x 195.02977pt.
[8 <./images/FAQUAD_detuning_2QD_2HH-eps-converted-to.pdf> <./images/FAQUAD_2QD
_Results-eps-converted-to.pdf>] [9 <./images/states_evolution-eps-converted-to.
pdf>] (Report.bbl)
Package atveryend Info: Empty hook `BeforeClearDocument' on input line 285.
 [10]
Package atveryend Info: Empty hook `AfterLastShipout' on input line 285.
 (Report.aux)
Package atveryend Info: Executing hook `AtVeryEndDocument' on input line 285.
Package atveryend Info: Executing hook `AtEndAfterFileList' on input line 285.
Package rerunfilecheck Info: File `Report.out' has not changed.
(rerunfilecheck)             Checksum: 555127D960C3FB9C77CC2E8C4C68FDDC;730.
Package atveryend Info: Empty hook `AtVeryVeryEnd' on input line 285.
 ) 
Here is how much of TeX's memory you used:
 11895 strings out of 480930
 174392 string characters out of 2909012
 460171 words of memory out of 3000000
 27540 multiletter control sequences out of 15000+200000
 540117 words of font info for 51 fonts, out of 3000000 for 9000
 1141 hyphenation exceptions out of 8191
 44i,20n,52p,877b,351s stack positions out of 5000i,500n,10000p,200000b,50000s
<C:/Program Files/MiKTeX 2.9/fonts/type1/public/amsfonts/cm/cmbx10.pfb><C:/Pr
ogram Files/MiKTeX 2.9/fonts/type1/public/amsfonts/cm/cmbx12.pfb><C:/Program Fi
les/MiKTeX 2.9/fonts/type1/public/amsfonts/cm/cmex10.pfb><C:/Program Files/MiKT
eX 2.9/fonts/type1/public/amsfonts/cm/cmmi10.pfb><C:/Program Files/MiKTeX 2.9/f
onts/type1/public/amsfonts/cm/cmmi12.pfb><C:/Program Files/MiKTeX 2.9/fonts/typ
e1/public/amsfonts/cm/cmmi6.pfb><C:/Program Files/MiKTeX 2.9/fonts/type1/public
/amsfonts/cm/cmmi8.pfb><C:/Program Files/MiKTeX 2.9/fonts/type1/public/amsfonts
/cm/cmmi9.pfb><C:/Program Files/MiKTeX 2.9/fonts/type1/public/amsfonts/cm/cmr10
.pfb><C:/Program Files/MiKTeX 2.9/fonts/type1/public/amsfonts/cm/cmr12.pfb><C:/
Program Files/MiKTeX 2.9/fonts/type1/public/amsfonts/cm/cmr17.pfb><C:/Program F
iles/MiKTeX 2.9/fonts/type1/public/amsfonts/cm/cmr6.pfb><C:/Program Files/MiKTe
X 2.9/fonts/type1/public/amsfonts/cm/cmr8.pfb><C:/Program Files/MiKTeX 2.9/font
s/type1/public/amsfonts/cm/cmr9.pfb><C:/Program Files/MiKTeX 2.9/fonts/type1/pu
blic/amsfonts/cm/cmsy10.pfb><C:/Program Files/MiKTeX 2.9/fonts/type1/public/ams
fonts/cm/cmsy8.pfb><C:/Program Files/MiKTeX 2.9/fonts/type1/public/amsfonts/cm/
cmsy9.pfb><C:/Program Files/MiKTeX 2.9/fonts/type1/public/amsfonts/cm/cmti10.pf
b>
Output written on Report.pdf (10 pages, 382163 bytes).
PDF statistics:
 528 PDF objects out of 1000 (max. 8388607)
 60 named destinations out of 1000 (max. 500000)
 94 words of extra memory for PDF output out of 10000 (max. 10000000)

